[2025-03-24T19:20:53.719Z] [INFO] Job matching scheduler initialized
[2025-03-24T19:20:53.720Z] [INFO] Auto-screening service initialized
[2025-03-24T19:33:48.091Z] [INFO] Job matching scheduler initialized
[2025-03-24T19:33:48.092Z] [INFO] Auto-screening service initialized
[2025-03-24T19:36:14.697Z] [INFO] Job matching scheduler initialized
[2025-03-24T19:36:14.698Z] [INFO] Auto-screening service initialized
[2025-03-24T19:36:52.564Z] [INFO] Job matching scheduler initialized
[2025-03-24T19:36:52.565Z] [INFO] Auto-screening service initialized
[2025-03-24T19:39:53.930Z] [INFO] Job matching scheduler initialized
[2025-03-24T19:39:53.931Z] [INFO] Auto-screening service initialized
[2025-03-24T20:00:00.236Z] [INFO] Running scheduled job matching check
[2025-03-24T20:00:00.237Z] [INFO] Checking for new job matches
[2025-03-24T20:00:00.244Z] [INFO] Completed checking matches for 0 users
[2025-03-24T20:35:26.363Z] [INFO] Job matching scheduler initialized
[2025-03-24T20:35:26.364Z] [INFO] Auto-screening service initialized
[2025-03-24T20:41:49.136Z] [INFO] Job matching scheduler initialized
[2025-03-24T20:41:49.137Z] [INFO] Auto-screening service initialized
[2025-03-24T20:51:55.711Z] [INFO] Job matching scheduler initialized
[2025-03-24T20:51:55.712Z] [INFO] Auto-screening service initialized
[2025-03-24T20:57:31.060Z] [INFO] Job matching scheduler initialized
[2025-03-24T20:57:31.061Z] [INFO] Auto-screening service initialized
[2025-03-24T21:00:00.207Z] [INFO] Running scheduled job matching check
[2025-03-24T21:00:00.208Z] [INFO] Checking for new job matches
[2025-03-24T21:00:00.215Z] [INFO] Completed checking matches for 0 users
[2025-03-24T21:03:00.851Z] [INFO] Job matching scheduler initialized
[2025-03-24T21:03:00.852Z] [INFO] Auto-screening service initialized
